<?xml version="1.0" encoding="UTF-8"?>
<!-- Generated by org.testng.reporters.JUnitXMLReporter -->
<testsuite hostname="DESKTOP-4G432R1" ignored="0" name="Surefire test" tests="3" failures="1" timestamp="2021-02-07T12:31:19 YEKT" time="126.584" errors="0">
  <testcase name="checkEstimateFields" time="28.819" classname="com.epam.automation.Tests.CloudGoogleDotComTests"/>
  <testcase name="checkMonthlyPaymentFromEmail" time="63.575" classname="com.epam.automation.Tests.CloudGoogleDotComTests">
    <failure type="org.openqa.selenium.TimeoutException" message="Expected condition failed: waiting for element to be clickable: By.xpath: //input[contains(@ng-model,&amp;apos;user.firstname&amp;apos;)] (tried for 30 second(s) with 500 milliseconds interval)
Build info: version: &amp;apos;3.141.59&amp;apos;, revision: &amp;apos;e82be7d358&amp;apos;, time: &amp;apos;2018-11-14T08:17:03&amp;apos;
System info: host: &amp;apos;DESKTOP-4G432R1&amp;apos;, ip: &amp;apos;10.103.36.204&amp;apos;, os.name: &amp;apos;Windows 10&amp;apos;, os.arch: &amp;apos;amd64&amp;apos;, os.version: &amp;apos;10.0&amp;apos;, java.version: &amp;apos;1.8.0_271&amp;apos;
Driver info: org.openqa.selenium.chrome.ChromeDriver
Capabilities {acceptInsecureCerts: false, browserName: chrome, browserVersion: 88.0.4324.146, chrome: {chromedriverVersion: 88.0.4324.96 (68dba2d8a0b14..., userDataDir: C:\Users\remote\AppData\Loc...}, goog:chromeOptions: {debuggerAddress: localhost:63146}, javascriptEnabled: true, networkConnectionEnabled: false, pageLoadStrategy: normal, platform: WINDOWS, platformName: WINDOWS, proxy: Proxy(), setWindowRect: true, strictFileInteractability: false, timeouts: {implicit: 0, pageLoad: 300000, script: 30000}, unhandledPromptBehavior: dismiss and notify, webauthn:extension:largeBlob: true, webauthn:virtualAuthenticators: true}
Session ID: d93ef50773f66cab281ba3fcd91c2454">
      <![CDATA[org.openqa.selenium.TimeoutException: Expected condition failed: waiting for element to be clickable: By.xpath: //input[contains(@ng-model,'user.firstname')] (tried for 30 second(s) with 500 milliseconds interval)
Build info: version: '3.141.59', revision: 'e82be7d358', time: '2018-11-14T08:17:03'
System info: host: 'DESKTOP-4G432R1', ip: '10.103.36.204', os.name: 'Windows 10', os.arch: 'amd64', os.version: '10.0', java.version: '1.8.0_271'
Driver info: org.openqa.selenium.chrome.ChromeDriver
Capabilities {acceptInsecureCerts: false, browserName: chrome, browserVersion: 88.0.4324.146, chrome: {chromedriverVersion: 88.0.4324.96 (68dba2d8a0b14..., userDataDir: C:\Users\remote\AppData\Loc...}, goog:chromeOptions: {debuggerAddress: localhost:63146}, javascriptEnabled: true, networkConnectionEnabled: false, pageLoadStrategy: normal, platform: WINDOWS, platformName: WINDOWS, proxy: Proxy(), setWindowRect: true, strictFileInteractability: false, timeouts: {implicit: 0, pageLoad: 300000, script: 30000}, unhandledPromptBehavior: dismiss and notify, webauthn:extension:largeBlob: true, webauthn:virtualAuthenticators: true}
Session ID: d93ef50773f66cab281ba3fcd91c2454
at org.openqa.selenium.support.ui.WebDriverWait.timeoutException(WebDriverWait.java:95)
at org.openqa.selenium.support.ui.FluentWait.until(FluentWait.java:272)
at com.epam.automation.PageObject.CloudGoogleDotComPageObject.fillEmailEstimateForm(CloudGoogleDotComPageObject.java:178)
at com.epam.automation.Tests.CloudGoogleDotComTests.checkMonthlyPaymentFromEmail(CloudGoogleDotComTests.java:60)
at java.util.ArrayList.forEach(ArrayList.java:1259)
... Removed 32 stack frames]]>
    </failure>
  </testcase> <!-- checkMonthlyPaymentFromEmail -->
  <testcase name="checkMonthlyPaymentFromForm" time="27.08" classname="com.epam.automation.Tests.CloudGoogleDotComTests"/>
</testsuite> <!-- Surefire test -->
